<?xml version="1.0" encoding="UTF-8"?>
<!-- Generated by org.testng.reporters.JUnitReportReporter -->
<testsuite hostname="DESKTOP-M8A1ID8" failures="0" tests="1" name="scripts.FirstTestNGClass" time="10.133" errors="0" timestamp="18 Jul 2023 06:34:41 GMT" skipped="0">
  <testcase classname="scripts.FirstTestNGClass" name="testAllGoogleLink" time="10.133"/>
</testsuite> <!-- scripts.FirstTestNGClass -->
